[LOG] SystemI::init                            : FMOD Studio Version: 00010815 (82192)
[LOG] SystemI::init                            : maxchannels = 1024, flags = 00030000, extradriverdata = 0000000000000000
[LOG] SystemI::close                           : 
[LOG] SystemI::close                           : Stop all sounds
[LOG] SystemI::close                           : done.

[LOG] OutputWASAPI::init                       : Mix Format (WAVEFORMATEX): wFormatTag=0xFFFE, nChannels=2, nSamplesPerSec=48000, nAvgBytesPerSec=384000, nBlockAlign=8, wBitsPerSample=32, cbSize=22.
[LOG] OutputWASAPI::init                       : Mix Format (WAVEFORMATEXTENSIBLE): wValidBitsPerSample=32, dwChannelMask=0x00000003, SubFormat=00000003-0000-0010-8000-00AA00389B71.
[LOG] OutputWASAPI::init                       : Output buffer size: 4096 samples, latency: 0.00ms, period: 10.00ms, DSP buffer: 1024 * 4
[LOG] Thread::initThread                       : Initializing FMOD mixer thread.  priority 3
[LOG] Thread::initThread                       : - Stacksize 49152.  Stack pointer 0000000000000000 : usesemaphore = 0 : sleeptime = 0
[LOG] Thread::callback                         : * FMOD mixer thread started
[LOG] SystemI::init                            : Set up emulated output
[LOG] SystemI::init                            : create the channel pool
[LOG] Thread::initThread                       : Initializing FMOD stream thread.  priority 2
[LOG] Thread::initThread                       : - Stacksize 65536.  Stack pointer 0000000000000000 : usesemaphore = 0 : sleeptime = 10
[LOG] Thread::callback                         : * FMOD stream thread started
[LOG] Thread::initThread                       : Initializing FMOD Studio update thread.  priority 0
[LOG] Thread::initThread                       : - Stacksize 65536.  Stack pointer 0000000000000000 : usesemaphore = 0 : sleeptime = 1
[LOG] Thread::callback                         : * FMOD Studio update thread started
[LOG] Thread::initThread                       : Initializing FMOD Studio sample load thread.  priority 0
[LOG] Thread::initThread                       : - Stacksize 65536.  Stack pointer 0000000000000000 : usesemaphore = 0 : sleeptime = 1
[LOG] Thread::callback                         : * FMOD Studio sample load thread started
[LOG] LiveUpdate::init                         : 
[LOG] Thread::initThread                       : Initializing FMOD Studio bank load thread.  priority 0
[LOG] Thread::initThread                       : - Stacksize 65536.  Stack pointer 0000000000000000 : usesemaphore = 0 : sleeptime = 1
[LOG] Thread::callback                         : * FMOD Studio bank load thread started
[LOG] Profile::init                            : Profiler listening on port: 9264
[LOG] Manager::readBank                        : fileversion = 80, compatVersion = 70 (oldest = 44, newest = 80)
[LOG] Manager::readBank                        : fileversion = 80, compatVersion = 70 (oldest = 44, newest = 80)
[LOG] PlaybackSystem::acquireMasterBus         : Setting master channel group format to 6
[LOG] SystemI::createSoundInternal             : filename =  : mode 02000202
[LOG] SystemI::createSoundInternal             : exinfo->cbsize             = 232
[LOG] SystemI::createSoundInternal             : exinfo->length             = 1272160
[LOG] SystemI::createSoundInternal             : exinfo->fileoffset         = 68896
[LOG] SystemI::createSoundInternal             : exinfo->numsubsounds       = 1
[LOG] SystemI::createSoundInternal             : exinfo->inclusionlist      = 000000006BC9FB38
[LOG] SystemI::createSoundInternal             : exinfo->inclusionlistnum   = 1
[LOG] SystemI::createSoundInternal             : exinfo->suggestedsoundtype = 5
[LOG] SystemI::createSoundInternal             : exinfo->useropen           = 00007FF98EDC5130
[LOG] SystemI::createSoundInternal             : exinfo->userclose          = 00007FF98EDC5100
[LOG] SystemI::createSoundInternal             : exinfo->userread           = 00007FF98EDC5200
[LOG] SystemI::createSoundInternal             : exinfo->userseek           = 00007FF98EDC52B0
[LOG] SystemI::createSoundInternal             : exinfo->fileuserdata       = 0000000042BC42E8
[LOG] SystemI::createSoundInternal             : exinfo->initialseekpostype = 1
[LOG] SystemI::createSoundInternal             : Format has 1 subsounds.
[LOG] SystemI::createSoundInternal             : Create as FMOD_CREATESAMPLE
[LOG] SystemI::createSoundInternal             : Multi-sample sound (1 subsounds), create a sample container.
[LOG] SystemI::createSoundInternal             : creating subsound 0/1
[LOG] SystemI::createSample                    : mode 02000202 length 354463 samples, lengthbytes 98528
[LOG] SystemI::createSample                    : channels = 2
[LOG] SystemI::createSample                    : output = 00000000543F5B68
[LOG] OutputSoftware::createSample             : lengthpcm 354463, lengthbytes 98528, channels 2, format 2, freq 48000, mode 0200020a
[LOG] SystemI::createSoundInternal             : No name found in file, use filename.
[LOG] SystemI::createSoundInternal             : done.  OpenState now = FMOD_OPENSTATE_READY.

[LOG] SystemI::createSoundInternal             : filename =  : mode 02000202
[LOG] SystemI::createSoundInternal             : exinfo->cbsize             = 232
[LOG] SystemI::createSoundInternal             : exinfo->length             = 1272160
[LOG] SystemI::createSoundInternal             : exinfo->fileoffset         = 68896
[LOG] SystemI::createSoundInternal             : exinfo->numsubsounds       = 1
[LOG] SystemI::createSoundInternal             : exinfo->inclusionlist      = 000000006BC9FB38
[LOG] SystemI::createSoundInternal             : exinfo->inclusionlistnum   = 1
[LOG] SystemI::createSoundInternal             : exinfo->suggestedsoundtype = 5
[LOG] SystemI::createSoundInternal             : exinfo->useropen           = 00007FF98EDC5130
[LOG] SystemI::createSoundInternal             : exinfo->userclose          = 00007FF98EDC5100
[LOG] SystemI::createSoundInternal             : exinfo->userread           = 00007FF98EDC5200
[LOG] SystemI::createSoundInternal             : exinfo->userseek           = 00007FF98EDC52B0
[LOG] SystemI::createSoundInternal             : exinfo->fileuserdata       = 0000000042BC42E8
[LOG] SystemI::createSoundInternal             : exinfo->initialseekpostype = 1
[LOG] SystemI::createSoundInternal             : Format has 1 subsounds.
[LOG] SystemI::createSoundInternal             : Create as FMOD_CREATESAMPLE
[LOG] SystemI::createSoundInternal             : Multi-sample sound (1 subsounds), create a sample container.
[LOG] SystemI::createSoundInternal             : creating subsound 0/1
[LOG] SystemI::createSample                    : mode 02000202 length 12162 samples, lengthbytes 3648
[LOG] SystemI::createSample                    : channels = 2
[LOG] SystemI::createSample                    : output = 00000000543F5B68
[LOG] OutputSoftware::createSample             : lengthpcm 12162, lengthbytes 3648, channels 2, format 2, freq 48000, mode 0200020a
[LOG] SystemI::createSoundInternal             : No name found in file, use filename.
[LOG] SystemI::createSoundInternal             : done.  OpenState now = FMOD_OPENSTATE_READY.

[LOG] SystemI::createSoundInternal             : filename =  : mode 02000202
[LOG] SystemI::createSoundInternal             : exinfo->cbsize             = 232
[LOG] SystemI::createSoundInternal             : exinfo->length             = 1272160
[LOG] SystemI::createSoundInternal             : exinfo->fileoffset         = 68896
[LOG] SystemI::createSoundInternal             : exinfo->numsubsounds       = 1
[LOG] SystemI::createSoundInternal             : exinfo->inclusionlist      = 000000006BC9FB38
[LOG] SystemI::createSoundInternal             : exinfo->inclusionlistnum   = 1
[LOG] SystemI::createSoundInternal             : exinfo->suggestedsoundtype = 5
[LOG] SystemI::createSoundInternal             : exinfo->useropen           = 00007FF98EDC5130
[LOG] SystemI::createSoundInternal             : exinfo->userclose          = 00007FF98EDC5100
[LOG] SystemI::createSoundInternal             : exinfo->userread           = 00007FF98EDC5200
[LOG] SystemI::createSoundInternal             : exinfo->userseek           = 00007FF98EDC52B0
[LOG] SystemI::createSoundInternal             : exinfo->fileuserdata       = 0000000042BC42E8
[LOG] SystemI::createSoundInternal             : exinfo->initialseekpostype = 1
[LOG] SystemI::createSoundInternal             : Format has 1 subsounds.
[LOG] SystemI::createSoundInternal             : Create as FMOD_CREATESAMPLE
[LOG] SystemI::createSoundInternal             : Multi-sample sound (1 subsounds), create a sample container.
[LOG] SystemI::createSoundInternal             : creating subsound 0/1
[LOG] SystemI::createSample                    : mode 02000202 length 452928 samples, lengthbytes 129312
[LOG] SystemI::createSample                    : channels = 2
[LOG] SystemI::createSample                    : output = 00000000543F5B68
[LOG] OutputSoftware::createSample             : lengthpcm 452928, lengthbytes 129312, channels 2, format 2, freq 48000, mode 0200020a
[LOG] SystemI::createSoundInternal             : No name found in file, use filename.
[LOG] SystemI::createSoundInternal             : done.  OpenState now = FMOD_OPENSTATE_READY.

[LOG] SystemI::createSoundInternal             : filename =  : mode 02000202
[LOG] SystemI::createSoundInternal             : exinfo->cbsize             = 232
[LOG] SystemI::createSoundInternal             : exinfo->length             = 1272160
[LOG] SystemI::createSoundInternal             : exinfo->fileoffset         = 68896
[LOG] SystemI::createSoundInternal             : exinfo->numsubsounds       = 1
[LOG] SystemI::createSoundInternal             : exinfo->inclusionlist      = 000000006BC9FB38
[LOG] SystemI::createSoundInternal             : exinfo->inclusionlistnum   = 1
[LOG] SystemI::createSoundInternal             : exinfo->suggestedsoundtype = 5
[LOG] SystemI::createSoundInternal             : exinfo->useropen           = 00007FF98EDC5130
[LOG] SystemI::createSoundInternal             : exinfo->userclose          = 00007FF98EDC5100
[LOG] SystemI::createSoundInternal             : exinfo->userread           = 00007FF98EDC5200
[LOG] SystemI::createSoundInternal             : exinfo->userseek           = 00007FF98EDC52B0
[LOG] SystemI::createSoundInternal             : exinfo->fileuserdata       = 0000000042BC42E8
[LOG] SystemI::createSoundInternal             : exinfo->initialseekpostype = 1
[LOG] SystemI::createSoundInternal             : Format has 1 subsounds.
[LOG] SystemI::createSoundInternal             : Create as FMOD_CREATESAMPLE
[LOG] SystemI::createSoundInternal             : Multi-sample sound (1 subsounds), create a sample container.
[LOG] SystemI::createSoundInternal             : creating subsound 0/1
[LOG] SystemI::createSample                    : mode 02000202 length 708924 samples, lengthbytes 187648
[LOG] SystemI::createSample                    : channels = 2
[LOG] SystemI::createSample                    : output = 00000000543F5B68
[LOG] OutputSoftware::createSample             : lengthpcm 708924, lengthbytes 187648, channels 2, format 2, freq 48000, mode 0200020a
[LOG] SystemI::createSoundInternal             : No name found in file, use filename.
[LOG] SystemI::createSoundInternal             : done.  OpenState now = FMOD_OPENSTATE_READY.

[LOG] SystemI::createSoundInternal             : filename =  : mode 02000202
[LOG] SystemI::createSoundInternal             : exinfo->cbsize             = 232
[LOG] SystemI::createSoundInternal             : exinfo->length             = 1272160
[LOG] SystemI::createSoundInternal             : exinfo->fileoffset         = 68896
[LOG] SystemI::createSoundInternal             : exinfo->numsubsounds       = 1
[LOG] SystemI::createSoundInternal             : exinfo->inclusionlist      = 000000006BC9FB38
[LOG] SystemI::createSoundInternal             : exinfo->inclusionlistnum   = 1
[LOG] SystemI::createSoundInternal             : exinfo->suggestedsoundtype = 5
[LOG] SystemI::createSoundInternal             : exinfo->useropen           = 00007FF98EDC5130
[LOG] SystemI::createSoundInternal             : exinfo->userclose          = 00007FF98EDC5100
[LOG] SystemI::createSoundInternal             : exinfo->userread           = 00007FF98EDC5200
[LOG] SystemI::createSoundInternal             : exinfo->userseek           = 00007FF98EDC52B0
[LOG] SystemI::createSoundInternal             : exinfo->fileuserdata       = 0000000042BC42E8
[LOG] SystemI::createSoundInternal             : exinfo->initialseekpostype = 1
[LOG] SystemI::createSoundInternal             : Format has 1 subsounds.
[LOG] SystemI::createSoundInternal             : Create as FMOD_CREATESAMPLE
[LOG] SystemI::createSoundInternal             : Multi-sample sound (1 subsounds), create a sample container.
[LOG] SystemI::createSoundInternal             : creating subsound 0/1
[LOG] SystemI::createSample                    : mode 02000202 length 708924 samples, lengthbytes 229632
[LOG] SystemI::createSample                    : channels = 2
[LOG] SystemI::createSample                    : output = 00000000543F5B68
[LOG] OutputSoftware::createSample             : lengthpcm 708924, lengthbytes 229632, channels 2, format 2, freq 48000, mode 0200020a
[LOG] SystemI::createSoundInternal             : No name found in file, use filename.
[LOG] SystemI::createSoundInternal             : done.  OpenState now = FMOD_OPENSTATE_READY.

[LOG] SystemI::createSoundInternal             : filename =  : mode 02000202
[LOG] SystemI::createSoundInternal             : exinfo->cbsize             = 232
[LOG] SystemI::createSoundInternal             : exinfo->length             = 1272160
[LOG] SystemI::createSoundInternal             : exinfo->fileoffset         = 68896
[LOG] SystemI::createSoundInternal             : exinfo->numsubsounds       = 1
[LOG] SystemI::createSoundInternal             : exinfo->inclusionlist      = 000000006BC9FB38
[LOG] SystemI::createSoundInternal             : exinfo->inclusionlistnum   = 1
[LOG] SystemI::createSoundInternal             : exinfo->suggestedsoundtype = 5
[LOG] SystemI::createSoundInternal             : exinfo->useropen           = 00007FF98EDC5130
[LOG] SystemI::createSoundInternal             : exinfo->userclose          = 00007FF98EDC5100
[LOG] SystemI::createSoundInternal             : exinfo->userread           = 00007FF98EDC5200
[LOG] SystemI::createSoundInternal             : exinfo->userseek           = 00007FF98EDC52B0
[LOG] SystemI::createSoundInternal             : exinfo->fileuserdata       = 0000000042BC42E8
[LOG] SystemI::createSoundInternal             : exinfo->initialseekpostype = 1
[LOG] SystemI::createSoundInternal             : Format has 1 subsounds.
[LOG] SystemI::createSoundInternal             : Create as FMOD_CREATESAMPLE
[LOG] SystemI::createSoundInternal             : Multi-sample sound (1 subsounds), create a sample container.
[LOG] SystemI::createSoundInternal             : creating subsound 0/1
[LOG] SystemI::createSample                    : mode 02000202 length 708924 samples, lengthbytes 195584
[LOG] SystemI::createSample                    : channels = 2
[LOG] SystemI::createSample                    : output = 00000000543F5B68
[LOG] OutputSoftware::createSample             : lengthpcm 708924, lengthbytes 195584, channels 2, format 2, freq 48000, mode 0200020a
[LOG] SystemI::createSoundInternal             : No name found in file, use filename.
[LOG] SystemI::createSoundInternal             : done.  OpenState now = FMOD_OPENSTATE_READY.

[LOG] SystemI::createSoundInternal             : filename =  : mode 02000202
[LOG] SystemI::createSoundInternal             : exinfo->cbsize             = 232
[LOG] SystemI::createSoundInternal             : exinfo->length             = 1272160
[LOG] SystemI::createSoundInternal             : exinfo->fileoffset         = 68896
[LOG] SystemI::createSoundInternal             : exinfo->numsubsounds       = 1
[LOG] SystemI::createSoundInternal             : exinfo->inclusionlist      = 000000006BC9FB38
[LOG] SystemI::createSoundInternal             : exinfo->inclusionlistnum   = 1
[LOG] SystemI::createSoundInternal             : exinfo->suggestedsoundtype = 5
[LOG] SystemI::createSoundInternal             : exinfo->useropen           = 00007FF98EDC5130
[LOG] SystemI::createSoundInternal             : exinfo->userclose          = 00007FF98EDC5100
[LOG] SystemI::createSoundInternal             : exinfo->userread           = 00007FF98EDC5200
[LOG] SystemI::createSoundInternal             : exinfo->userseek           = 00007FF98EDC52B0
[LOG] SystemI::createSoundInternal             : exinfo->fileuserdata       = 0000000042BC5E88
[LOG] SystemI::createSoundInternal             : exinfo->initialseekpostype = 1
[LOG] SystemI::createSoundInternal             : Format has 1 subsounds.
[LOG] SystemI::createSoundInternal             : Create as FMOD_CREATESAMPLE
[LOG] SystemI::createSoundInternal             : Multi-sample sound (1 subsounds), create a sample container.
[LOG] SystemI::createSoundInternal             : creating subsound 0/1
[LOG] SystemI::createSample                    : mode 02000202 length 265847 samples, lengthbytes 65312
[LOG] SystemI::createSample                    : channels = 2
[LOG] SystemI::createSample                    : output = 00000000543F5B68
[LOG] OutputSoftware::createSample             : lengthpcm 265847, lengthbytes 65312, channels 2, format 2, freq 48000, mode 0200020a
[LOG] SystemI::createSoundInternal             : No name found in file, use filename.
[LOG] SystemI::createSoundInternal             : done.  OpenState now = FMOD_OPENSTATE_READY.

[LOG] SystemI::createSoundInternal             : filename =  : mode 02000202
[LOG] SystemI::createSoundInternal             : exinfo->cbsize             = 232
[LOG] SystemI::createSoundInternal             : exinfo->length             = 1272160
[LOG] SystemI::createSoundInternal             : exinfo->fileoffset         = 68896
[LOG] SystemI::createSoundInternal             : exinfo->numsubsounds       = 1
[LOG] SystemI::createSoundInternal             : exinfo->inclusionlist      = 000000006BC9FB38
[LOG] SystemI::createSoundInternal             : exinfo->inclusionlistnum   = 1
[LOG] SystemI::createSoundInternal             : exinfo->suggestedsoundtype = 5
[LOG] SystemI::createSoundInternal             : exinfo->useropen           = 00007FF98EDC5130
[LOG] SystemI::createSoundInternal             : exinfo->userclose          = 00007FF98EDC5100
[LOG] SystemI::createSoundInternal             : exinfo->userread           = 00007FF98EDC5200
[LOG] SystemI::createSoundInternal             : exinfo->userseek           = 00007FF98EDC52B0
[LOG] SystemI::createSoundInternal             : exinfo->fileuserdata       = 0000000042BC2748
[LOG] SystemI::createSoundInternal             : exinfo->initialseekpostype = 1
[LOG] SystemI::createSoundInternal             : Format has 1 subsounds.
[LOG] SystemI::createSoundInternal             : Create as FMOD_CREATESAMPLE
[LOG] SystemI::createSoundInternal             : Multi-sample sound (1 subsounds), create a sample container.
[LOG] SystemI::createSoundInternal             : creating subsound 0/1
[LOG] SystemI::createSample                    : mode 02000202 length 88616 samples, lengthbytes 26400
[LOG] SystemI::createSample                    : channels = 2
[LOG] SystemI::createSample                    : output = 00000000543F5B68
[LOG] OutputSoftware::createSample             : lengthpcm 88616, lengthbytes 26400, channels 2, format 2, freq 48000, mode 0200020a
[LOG] SystemI::createSoundInternal             : No name found in file, use filename.
[LOG] SystemI::createSoundInternal             : done.  OpenState now = FMOD_OPENSTATE_READY.

[LOG] SystemI::createSoundInternal             : filename =  : mode 02000202
[LOG] SystemI::createSoundInternal             : exinfo->cbsize             = 232
[LOG] SystemI::createSoundInternal             : exinfo->length             = 1272160
[LOG] SystemI::createSoundInternal             : exinfo->fileoffset         = 68896
[LOG] SystemI::createSoundInternal             : exinfo->numsubsounds       = 1
[LOG] SystemI::createSoundInternal             : exinfo->inclusionlist      = 000000006BC9FB38
[LOG] SystemI::createSoundInternal             : exinfo->inclusionlistnum   = 1
[LOG] SystemI::createSoundInternal             : exinfo->suggestedsoundtype = 5
[LOG] SystemI::createSoundInternal             : exinfo->useropen           = 00007FF98EDC5130
[LOG] SystemI::createSoundInternal             : exinfo->userclose          = 00007FF98EDC5100
[LOG] SystemI::createSoundInternal             : exinfo->userread           = 00007FF98EDC5200
[LOG] SystemI::createSoundInternal             : exinfo->userseek           = 00007FF98EDC52B0
[LOG] SystemI::createSoundInternal             : exinfo->fileuserdata       = 0000000042BC20E8
[LOG] SystemI::createSoundInternal             : exinfo->initialseekpostype = 1
[LOG] SystemI::createSoundInternal             : Format has 1 subsounds.
[LOG] SystemI::createSoundInternal             : Create as FMOD_CREATESAMPLE
[LOG] SystemI::createSoundInternal             : Multi-sample sound (1 subsounds), create a sample container.
[LOG] SystemI::createSoundInternal             : creating subsound 0/1
[LOG] SystemI::createSample                    : mode 02000202 length 1149703 samples, lengthbytes 334912
[LOG] SystemI::createSample                    : channels = 2
[LOG] SystemI::createSample                    : output = 00000000543F5B68
[LOG] OutputSoftware::createSample             : lengthpcm 1149703, lengthbytes 334912, channels 2, format 2, freq 48000, mode 0200020a
[LOG] SystemI::createSoundInternal             : No name found in file, use filename.
[LOG] SystemI::createSoundInternal             : done.  OpenState now = FMOD_OPENSTATE_READY.

[LOG] SoundI::release                          :  (000000005917A968)
[LOG] SoundI::release                          : release subsounds. (000000005917A968)
[LOG] SoundI::release                          :     148002__loafdv__large-earthquake (000000005404AD48)
[LOG] SoundI::release                          : release codec. (000000005917A968)
[LOG] SystemI::createSoundInternal             : filename =  : mode 02000202
[LOG] SystemI::createSoundInternal             : exinfo->cbsize             = 232
[LOG] SystemI::createSoundInternal             : exinfo->length             = 1272160
[LOG] SystemI::createSoundInternal             : exinfo->fileoffset         = 68896
[LOG] SystemI::createSoundInternal             : exinfo->numsubsounds       = 1
[LOG] SystemI::createSoundInternal             : exinfo->inclusionlist      = 000000006BC9FB38
[LOG] SystemI::createSoundInternal             : exinfo->inclusionlistnum   = 1
[LOG] SystemI::createSoundInternal             : exinfo->suggestedsoundtype = 5
[LOG] SystemI::createSoundInternal             : exinfo->useropen           = 00007FF98EDC5130
[LOG] SystemI::createSoundInternal             : exinfo->userclose          = 00007FF98EDC5100
[LOG] SystemI::createSoundInternal             : exinfo->userread           = 00007FF98EDC5200
[LOG] SystemI::createSoundInternal             : exinfo->userseek           = 00007FF98EDC52B0
[LOG] SystemI::createSoundInternal             : exinfo->fileuserdata       = 0000000042BC5E88
[LOG] SystemI::createSoundInternal             : exinfo->initialseekpostype = 1
[LOG] SystemI::createSoundInternal             : Format has 1 subsounds.
[LOG] SystemI::createSoundInternal             : Create as FMOD_CREATESAMPLE
[LOG] SystemI::createSoundInternal             : Multi-sample sound (1 subsounds), create a sample container.
[LOG] SystemI::createSoundInternal             : creating subsound 0/1
[LOG] SystemI::createSample                    : mode 02000202 length 1149703 samples, lengthbytes 334912
[LOG] SystemI::createSample                    : channels = 2
[LOG] SystemI::createSample                    : output = 00000000543F5B68
[LOG] OutputSoftware::createSample             : lengthpcm 1149703, lengthbytes 334912, channels 2, format 2, freq 48000, mode 0200020a
[LOG] SystemI::createSoundInternal             : No name found in file, use filename.
[LOG] SystemI::createSoundInternal             : done.  OpenState now = FMOD_OPENSTATE_READY.

[LOG] SoundI::release                          :  (000000005917B098)
[LOG] SoundI::release                          : release subsounds. (000000005917B098)
[LOG] SoundI::release                          :     148002__loafdv__large-earthquake (00000000429FCBD8)
[LOG] SoundI::release                          : release codec. (000000005917B098)
[LOG] SystemI::createSoundInternal             : filename =  : mode 02000202
[LOG] SystemI::createSoundInternal             : exinfo->cbsize             = 232
[LOG] SystemI::createSoundInternal             : exinfo->length             = 1272160
[LOG] SystemI::createSoundInternal             : exinfo->fileoffset         = 68896
[LOG] SystemI::createSoundInternal             : exinfo->numsubsounds       = 1
[LOG] SystemI::createSoundInternal             : exinfo->inclusionlist      = 000000006BC9FB38
[LOG] SystemI::createSoundInternal             : exinfo->inclusionlistnum   = 1
[LOG] SystemI::createSoundInternal             : exinfo->suggestedsoundtype = 5
[LOG] SystemI::createSoundInternal             : exinfo->useropen           = 00007FF98EDC5130
[LOG] SystemI::createSoundInternal             : exinfo->userclose          = 00007FF98EDC5100
[LOG] SystemI::createSoundInternal             : exinfo->userread           = 00007FF98EDC5200
[LOG] SystemI::createSoundInternal             : exinfo->userseek           = 00007FF98EDC52B0
[LOG] SystemI::createSoundInternal             : exinfo->fileuserdata       = 0000000042BC2308
[LOG] SystemI::createSoundInternal             : exinfo->initialseekpostype = 1
[LOG] SystemI::createSoundInternal             : Format has 1 subsounds.
[LOG] SystemI::createSoundInternal             : Create as FMOD_CREATESAMPLE
[LOG] SystemI::createSoundInternal             : Multi-sample sound (1 subsounds), create a sample container.
[LOG] SystemI::createSoundInternal             : creating subsound 0/1
[LOG] SystemI::createSample                    : mode 02000202 length 1149703 samples, lengthbytes 334912
[LOG] SystemI::createSample                    : channels = 2
[LOG] SystemI::createSample                    : output = 00000000543F5B68
[LOG] OutputSoftware::createSample             : lengthpcm 1149703, lengthbytes 334912, channels 2, format 2, freq 48000, mode 0200020a
[LOG] SystemI::createSoundInternal             : No name found in file, use filename.
[LOG] SystemI::createSoundInternal             : done.  OpenState now = FMOD_OPENSTATE_READY.

[LOG] SoundI::release                          :  (000000005917BD88)
[LOG] SoundI::release                          : release subsounds. (000000005917BD88)
[LOG] SoundI::release                          :     148002__loafdv__large-earthquake (000000005404BE78)
[LOG] SoundI::release                          : release codec. (000000005917BD88)
[LOG] SystemI::createSoundInternal             : filename =  : mode 02000202
[LOG] SystemI::createSoundInternal             : exinfo->cbsize             = 232
[LOG] SystemI::createSoundInternal             : exinfo->length             = 1272160
[LOG] SystemI::createSoundInternal             : exinfo->fileoffset         = 68896
[LOG] SystemI::createSoundInternal             : exinfo->numsubsounds       = 1
[LOG] SystemI::createSoundInternal             : exinfo->inclusionlist      = 000000006BC9FB38
[LOG] SystemI::createSoundInternal             : exinfo->inclusionlistnum   = 1
[LOG] SystemI::createSoundInternal             : exinfo->suggestedsoundtype = 5
[LOG] SystemI::createSoundInternal             : exinfo->useropen           = 00007FF98EDC5130
[LOG] SystemI::createSoundInternal             : exinfo->userclose          = 00007FF98EDC5100
[LOG] SystemI::createSoundInternal             : exinfo->userread           = 00007FF98EDC5200
[LOG] SystemI::createSoundInternal             : exinfo->userseek           = 00007FF98EDC52B0
[LOG] SystemI::createSoundInternal             : exinfo->fileuserdata       = 0000000042BC20E8
[LOG] SystemI::createSoundInternal             : exinfo->initialseekpostype = 1
[LOG] SystemI::createSoundInternal             : Format has 1 subsounds.
[LOG] SystemI::createSoundInternal             : Create as FMOD_CREATESAMPLE
[LOG] SystemI::createSoundInternal             : Multi-sample sound (1 subsounds), create a sample container.
[LOG] SystemI::createSoundInternal             : creating subsound 0/1
[LOG] SystemI::createSample                    : mode 02000202 length 1149703 samples, lengthbytes 334912
[LOG] SystemI::createSample                    : channels = 2
[LOG] SystemI::createSample                    : output = 00000000543F5B68
[LOG] OutputSoftware::createSample             : lengthpcm 1149703, lengthbytes 334912, channels 2, format 2, freq 48000, mode 0200020a
[LOG] SystemI::createSoundInternal             : No name found in file, use filename.
[LOG] SystemI::createSoundInternal             : done.  OpenState now = FMOD_OPENSTATE_READY.

[LOG] SoundI::release                          :  (000000005917A968)
[LOG] SoundI::release                          : release subsounds. (000000005917A968)
[LOG] SoundI::release                          :     148002__loafdv__large-earthquake (00000000429FCEF8)
[LOG] SoundI::release                          : release codec. (000000005917A968)
[LOG] SystemI::createSoundInternal             : filename =  : mode 02000202
[LOG] SystemI::createSoundInternal             : exinfo->cbsize             = 232
[LOG] SystemI::createSoundInternal             : exinfo->length             = 1272160
[LOG] SystemI::createSoundInternal             : exinfo->fileoffset         = 68896
[LOG] SystemI::createSoundInternal             : exinfo->numsubsounds       = 1
[LOG] SystemI::createSoundInternal             : exinfo->inclusionlist      = 000000006BC9FB38
[LOG] SystemI::createSoundInternal             : exinfo->inclusionlistnum   = 1
[LOG] SystemI::createSoundInternal             : exinfo->suggestedsoundtype = 5
[LOG] SystemI::createSoundInternal             : exinfo->useropen           = 00007FF98EDC5130
[LOG] SystemI::createSoundInternal             : exinfo->userclose          = 00007FF98EDC5100
[LOG] SystemI::createSoundInternal             : exinfo->userread           = 00007FF98EDC5200
[LOG] SystemI::createSoundInternal             : exinfo->userseek           = 00007FF98EDC52B0
[LOG] SystemI::createSoundInternal             : exinfo->fileuserdata       = 0000000042BC20E8
[LOG] SystemI::createSoundInternal             : exinfo->initialseekpostype = 1
[LOG] SystemI::createSoundInternal             : Format has 1 subsounds.
[LOG] SystemI::createSoundInternal             : Create as FMOD_CREATESAMPLE
[LOG] SystemI::createSoundInternal             : Multi-sample sound (1 subsounds), create a sample container.
[LOG] SystemI::createSoundInternal             : creating subsound 0/1
[LOG] SystemI::createSample                    : mode 02000202 length 1149703 samples, lengthbytes 334912
[LOG] SystemI::createSample                    : channels = 2
[LOG] SystemI::createSample                    : output = 00000000543F5B68
[LOG] OutputSoftware::createSample             : lengthpcm 1149703, lengthbytes 334912, channels 2, format 2, freq 48000, mode 0200020a
[LOG] SystemI::createSoundInternal             : No name found in file, use filename.
[LOG] SystemI::createSoundInternal             : done.  OpenState now = FMOD_OPENSTATE_READY.

[LOG] SoundI::release                          :  (000000005917BD88)
[LOG] SoundI::release                          : release subsounds. (000000005917BD88)
[LOG] SoundI::release                          :     148002__loafdv__large-earthquake (00000000541F0A08)
[LOG] SoundI::release                          : release codec. (000000005917BD88)
[LOG] SoundI::release                          :  (000000005917AC48)
[LOG] SoundI::release                          : release subsounds. (000000005917AC48)
[LOG] SoundI::release                          :     bomb (0000000054050C98)
[LOG] SoundI::release                          : release codec. (000000005917AC48)
[LOG] SoundI::release                          :  (000000005917B378)
[LOG] SoundI::release                          : release subsounds. (000000005917B378)
[LOG] SoundI::release                          :     missile (00000000541F0B98)
[LOG] SoundI::release                          : release codec. (000000005917B378)
[LOG] SoundI::release                          :  (000000005917AAD8)
[LOG] SoundI::release                          : release subsounds. (000000005917AAD8)
[LOG] SoundI::release                          :     0001 3-Audio_1 (0000000042BD3AC8)
[LOG] SoundI::release                          : release codec. (000000005917AAD8)
[LOG] SoundI::release                          :  (000000005917CBE8)
[LOG] SoundI::release                          : release subsounds. (000000005917CBE8)
[LOG] SoundI::release                          :     5 3-Audio (0000000042BD4428)
[LOG] SoundI::release                          : release codec. (000000005917CBE8)
[LOG] SoundI::release                          :  (000000005917B658)
[LOG] SoundI::release                          : release subsounds. (000000005917B658)
[LOG] SoundI::release                          :     0003 3-Audio (0000000042BD50A8)
[LOG] SoundI::release                          : release codec. (000000005917B658)
[LOG] SoundI::release                          :  (000000005917DA48)
[LOG] SoundI::release                          : release subsounds. (000000005917DA48)
[LOG] SoundI::release                          :     8 3-Audio (0000000042BD4748)
[LOG] SoundI::release                          : release codec. (000000005917DA48)
[LOG] SoundI::release                          :  (000000005917B938)
[LOG] SoundI::release                          : release subsounds. (000000005917B938)
[LOG] SoundI::release                          :     7 3-Audio (0000000042BD4D88)
[LOG] SoundI::release                          : release codec. (000000005917B938)
[LOG] SoundI::release                          :  (000000005917BAA8)
[LOG] SoundI::release                          : release subsounds. (000000005917BAA8)
[LOG] SoundI::release                          :     6 3-Audio (0000000042BD5878)
[LOG] SoundI::release                          : release codec. (000000005917BAA8)
[LOG] Thread::callback                         : * FMOD Studio update thread finished
[LOG] Thread::close                            : FMOD Studio update thread thread destroyed
[LOG] Thread::callback                         : * FMOD Studio bank load thread finished
[LOG] Thread::close                            : FMOD Studio bank load thread thread destroyed
[LOG] Profile::disconnectAll                   : Profiler disconnecting all clients
[LOG] Thread::callback                         : * FMOD Studio sample load thread finished
[LOG] Thread::close                            : FMOD Studio sample load thread thread destroyed
[LOG] LiveUpdate::release                      : 
[LOG] LiveUpdate::reset                        : Reset connection (reason Disconnected)
[LOG] SystemI::close                           : 
[LOG] SystemI::close                           : Stop all sounds
[LOG] Thread::callback                         : * FMOD stream thread finished
[LOG] Thread::close                            : FMOD stream thread thread destroyed
[LOG] SystemI::close                           : Stream thread destroyed
[LOG] Thread::callback                         : * FMOD mixer thread finished
[LOG] Thread::close                            : FMOD mixer thread thread destroyed
[LOG] SystemI::close                           : Free master channel group.
[LOG] SystemI::close                           : Remove 'master' sound group.
[LOG] SystemI::close                           : Free software output.
[LOG] SystemI::close                           : Free emulated output.
[LOG] SystemI::close                           : Free channel pool.
[LOG] SystemI::close                           : done.

